--------------
SorterFast
N = 8; M = 2
O(N (log N) ^ (M-1))= 24.0
Result time         = 80
Const               = 3.3333333333333335

Raw test 'simple test' passed
--------------
SorterFast
N = 16; M = 2
O(N (log N) ^ (M-1))= 64.0
Result time         = 240
Const               = 3.75

Duplicate test 'simple test' passed
--------------
SorterBOS
N = 8; M = 2
O(N M (log N))      = 48.0
Result time         = 192
Const               = 4.0

Raw test 'simple test' passed
--------------
SorterFast
N = 5; M = 2
O(N (log N) ^ (M-1))= 11.60964047443681
Result time         = 51
Const               = 4.392900892348609

Raw test 'simple test' passed
--------------
SorterFast
N = 10; M = 2
O(N (log N) ^ (M-1))= 33.219280948873624
Result time         = 149
Const               = 4.48534693539332

Duplicate test 'simple test' passed
--------------
SorterBOS
N = 5; M = 2
O(N M (log N))      = 23.21928094887362
Result time         = 114
Const               = 4.909712762036682

Raw test 'simple test' passed
--------------
SorterFast
N = 1; M = 1
O(N (log N) ^ (M-1))= 1.0
Result time         = 0
Const               = 0.0

Raw test 'a single 1D point' passed
--------------
SorterFast
N = 2; M = 1
O(N (log N) ^ (M-1))= 2.0
Result time         = 6
Const               = 3.0

Duplicate test 'a single 1D point' passed
--------------
SorterBOS
N = 1; M = 1
O(N M (log N))      = 0.0
Result time         = 0
Const               = NaN

Raw test 'a single 1D point' passed
--------------
SorterFast
N = 1; M = 100
O(N (log N) ^ (M-1))= 0.0
Result time         = 0
Const               = NaN

Raw test 'a single 100D point' passed
--------------
SorterFast
N = 2; M = 100
O(N (log N) ^ (M-1))= 2.0
Result time         = 800
Const               = 400.0

Duplicate test 'a single 100D point' passed
--------------
SorterBOS
N = 1; M = 100
O(N M (log N))      = 0.0
Result time         = 0
Const               = NaN

Raw test 'a single 100D point' passed
--------------
SorterFast
N = 1; M = 0
O(N (log N) ^ (M-1))= Infinity
Result time         = 0
Const               = 0.0

Raw test 'a single 0D point' passed
--------------
SorterFast
N = 2; M = 0
O(N (log N) ^ (M-1))= 2.0
Result time         = 0
Const               = 0.0

Duplicate test 'a single 0D point' passed
--------------
SorterBOS
N = 1; M = 0
O(N M (log N))      = 0.0
Result time         = 0
Const               = NaN

Raw test 'a single 0D point' passed
--------------
SorterFast
N = 10; M = 0
O(N (log N) ^ (M-1))= 3.0102999566398116
Result time         = 0
Const               = 0.0

Raw test 'some 0D points' passed
--------------
SorterFast
N = 20; M = 0
O(N (log N) ^ (M-1))= 4.6275642631951825
Result time         = 0
Const               = 0.0

Duplicate test 'some 0D points' passed
--------------
SorterBOS
N = 10; M = 0
O(N M (log N))      = 0.0
Result time         = 0
Const               = NaN

Raw test 'some 0D points' passed
--------------
SorterFast
N = 2; M = 1
O(N (log N) ^ (M-1))= 2.0
Result time         = 6
Const               = 3.0

Raw test 'two unequal 1D points ordered decreasing' passed
--------------
SorterFast
N = 4; M = 1
O(N (log N) ^ (M-1))= 4.0
Result time         = 22
Const               = 5.5

Duplicate test 'two unequal 1D points ordered decreasing' passed
--------------
SorterBOS
N = 2; M = 1
O(N M (log N))      = 2.0
Result time         = 12
Const               = 6.0

Raw test 'two unequal 1D points ordered decreasing' passed
--------------
SorterFast
N = 2; M = 1
O(N (log N) ^ (M-1))= 2.0
Result time         = 6
Const               = 3.0

Raw test 'two unequal 1D points ordered increasing' passed
--------------
SorterFast
N = 4; M = 1
O(N (log N) ^ (M-1))= 4.0
Result time         = 22
Const               = 5.5

Duplicate test 'two unequal 1D points ordered increasing' passed
--------------
SorterBOS
N = 2; M = 1
O(N M (log N))      = 2.0
Result time         = 12
Const               = 6.0

Raw test 'two unequal 1D points ordered increasing' passed
--------------
SorterFast
N = 2; M = 1
O(N (log N) ^ (M-1))= 2.0
Result time         = 6
Const               = 3.0

Raw test 'two equal 1D points' passed
--------------
SorterFast
N = 4; M = 1
O(N (log N) ^ (M-1))= 4.0
Result time         = 22
Const               = 5.5

Duplicate test 'two equal 1D points' passed
--------------
SorterBOS
N = 2; M = 1
O(N M (log N))      = 2.0
Result time         = 12
Const               = 6.0

Raw test 'two equal 1D points' passed
--------------
SorterFast
N = 2; M = 2
O(N (log N) ^ (M-1))= 2.0
Result time         = 8
Const               = 4.0

Raw test 'two incomparable 2D points' passed
--------------
SorterFast
N = 4; M = 2
O(N (log N) ^ (M-1))= 8.0
Result time         = 40
Const               = 5.0

Duplicate test 'two incomparable 2D points' passed
--------------
SorterBOS
N = 2; M = 2
O(N M (log N))      = 4.0
Result time         = 14
Const               = 3.5

Raw test 'two incomparable 2D points' passed
--------------
SorterFast
N = 2; M = 2
O(N (log N) ^ (M-1))= 2.0
Result time         = 14
Const               = 7.0

Raw test 'two 2D points dominated increasingly' passed
--------------
SorterFast
N = 4; M = 2
O(N (log N) ^ (M-1))= 8.0
Result time         = 50
Const               = 6.25

Duplicate test 'two 2D points dominated increasingly' passed
--------------
SorterBOS
N = 2; M = 2
O(N M (log N))      = 4.0
Result time         = 24
Const               = 6.0

Raw test 'two 2D points dominated increasingly' passed
--------------
SorterFast
N = 5; M = 2
O(N (log N) ^ (M-1))= 11.60964047443681
Result time         = 73
Const               = 6.287877747871539

Raw test 'two 2D points dominated decreasingly' passed
--------------
SorterFast
N = 10; M = 2
O(N (log N) ^ (M-1))= 33.219280948873624
Result time         = 191
Const               = 5.749672917182041

Duplicate test 'two 2D points dominated decreasingly' passed
--------------
SorterBOS
N = 5; M = 2
O(N M (log N))      = 23.21928094887362
Result time         = 144
Const               = 6.20174243625686

Raw test 'two 2D points dominated decreasingly' passed
--------------
SorterFast
N = 2; M = 2
O(N (log N) ^ (M-1))= 2.0
Result time         = 14
Const               = 7.0

Raw test 'two 2D points dominated decreasingly' passed
--------------
SorterFast
N = 4; M = 2
O(N (log N) ^ (M-1))= 8.0
Result time         = 50
Const               = 6.25

Duplicate test 'two 2D points dominated decreasingly' passed
--------------
SorterBOS
N = 2; M = 2
O(N M (log N))      = 4.0
Result time         = 24
Const               = 6.0

Raw test 'two 2D points dominated decreasingly' passed
--------------
SorterFast
N = 100; M = 2
O(N (log N) ^ (M-1))= 664.3856189774725
Result time         = 2970
Const               = 4.4702954356101205

Raw test '2D-hypercube of size 10' passed
--------------
SorterFast
N = 200; M = 2
O(N (log N) ^ (M-1))= 1528.7712379549448
Result time         = 6394
Const               = 4.182443940110574

Duplicate test '2D-hypercube of size 10' passed
--------------
SorterBOS
N = 100; M = 2
O(N M (log N))      = 1328.771237954945
Result time         = 9222
Const               = 6.940246550033086

Raw test '2D-hypercube of size 10' passed
--------------
SorterFast
N = 512; M = 3
O(N (log N) ^ (M-1))= 41472.0
Result time         = 25132
Const               = 0.6059992283950617

Raw test '3D-hypercube of size 8' passed
--------------
SorterFast
N = 1024; M = 3
O(N (log N) ^ (M-1))= 102400.0
Result time         = 57163
Const               = 0.558232421875

Duplicate test '3D-hypercube of size 8' passed
--------------
SorterBOS
N = 512; M = 3
O(N M (log N))      = 13824.0
Result time         = 104210
Const               = 7.53833912037037

Raw test '3D-hypercube of size 8' passed
--------------
SorterFast
N = 625; M = 4
O(N (log N) ^ (M-1))= 500733.08860321087
Result time         = 54053
Const               = 0.10794772949952282

Raw test '4D-hypercube of size 5' passed
--------------
SorterFast
N = 1250; M = 4
O(N (log N) ^ (M-1))= 1361026.1032993675
Result time         = 118695
Const               = 0.08720993646797984

Duplicate test '4D-hypercube of size 5' passed
--------------
SorterBOS
N = 625; M = 4
O(N M (log N))      = 23219.28094887362
Result time         = 169454
Const               = 7.297986547176875

Raw test '4D-hypercube of size 5' passed
--------------
SorterFast
N = 20; M = 10
O(N (log N) ^ (M-1))= 1.0522715528752103E7
Result time         = 2138
Const               = 2.031794924188687E-4

Raw test 'two groups of many equal points' passed
--------------
SorterFast
N = 40; M = 10
O(N (log N) ^ (M-1))= 1.3698752318708995E8
Result time         = 5110
Const               = 3.730266728759703E-5

Duplicate test 'two groups of many equal points' passed
--------------
SorterBOS
N = 20; M = 10
O(N M (log N))      = 864.3856189774725
Result time         = 5522
Const               = 6.38835246534095

Raw test 'two groups of many equal points' passed
--------------
SorterFast
N = 15; M = 3
O(N (log N) ^ (M-1))= 228.9569118908143
Result time         = 373
Const               = 1.6291274935516138

Raw test 'a strange test inherited from old git-based NGP' passed
--------------
SorterFast
N = 30; M = 3
O(N (log N) ^ (M-1))= 722.3272595181397
Result time         = 905
Const               = 1.2528947067617526

Duplicate test 'a strange test inherited from old git-based NGP' passed
--------------
SorterBOS
N = 15; M = 3
O(N M (log N))      = 175.81007680238335
Result time         = 616
Const               = 3.5037809618410294

Raw test 'a strange test inherited from old git-based NGP' passed
--------------
SorterFast
N = 10; M = 3
O(N (log N) ^ (M-1))= 110.35206267601981
Result time         = 189
Const               = 1.7127002016707285

Raw test 'a tricky random test #1 inherited from old hg-based NGP' passed
--------------
SorterFast
N = 20; M = 3
O(N (log N) ^ (M-1))= 373.5812491475342
Result time         = 606
Const               = 1.622137089007589

Duplicate test 'a tricky random test #1 inherited from old hg-based NGP' passed
--------------
SorterBOS
N = 10; M = 3
O(N M (log N))      = 99.65784284662088
Result time         = 366
Const               = 3.67256594710057

Raw test 'a tricky random test #1 inherited from old hg-based NGP' passed
--------------
SorterFast
N = 200; M = 6
O(N (log N) ^ (M-1))= 5219062.9391088765
Result time         = 58225
Const               = 0.011156217251892649

Raw test 'a tricky random test #2 inherited from old hg-based NGP' passed
--------------
SorterFast
N = 400; M = 6
O(N (log N) ^ (M-1))= 1.930179306806465E7
Result time         = 129453
Const               = 0.0067067862319062765

Duplicate test 'a tricky random test #2 inherited from old hg-based NGP' passed
--------------
SorterBOS
N = 200; M = 6
O(N M (log N))      = 9172.627427729669
Result time         = 40878
Const               = 4.456520263367742

Raw test 'a tricky random test #2 inherited from old hg-based NGP' passed
--------------
SorterFast
N = 300; M = 3
O(N (log N) ^ (M-1))= 20314.037112316306
Result time         = 16518
Const               = 0.8131323138119706

Raw test 'a tricky random test #3 inherited from old hg-based NGP' passed
--------------
SorterFast
N = 600; M = 3
O(N (log N) ^ (M-1))= 51102.65665322766
Result time         = 33246
Const               = 0.6505728307943099

Duplicate test 'a tricky random test #3 inherited from old hg-based NGP' passed
--------------
SorterBOS
N = 300; M = 3
O(N M (log N))      = 7405.936821446293
Result time         = 39090
Const               = 5.278197875898998

Raw test 'a tricky random test #3 inherited from old hg-based NGP' passed
--------------
SorterFast
N = 10000; M = 3
O(N (log N) ^ (M-1))= 1765633.0028163171
Result time         = 915331
Const               = 0.5184152077696658

Raw test 'worst case from paper BOS' passed
--------------
SorterFast
N = 20000; M = 3
O(N (log N) ^ (M-1))= 4082774.5008146116
Result time         = 1770073
Const               = 0.433546599168489

Duplicate test 'worst case from paper BOS' passed
--------------
SorterBOS
N = 10000; M = 3
O(N M (log N))      = 398631.3713864835
Result time         = 101068926
Const               = 253.53981962952696

Raw test 'worst case from paper BOS' passed
Tests passed
